# JRE version: Java(TM) SE Runtime Environment (7.0_67-b01) (build 1.7.0_67-b01)
# Java VM: Java HotSpot(TM) 64-Bit Server VM (24.65-b04 mixed mode windows-amd64 compressed oops)
Heap
 PSYoungGen      total 209408K, used 157068K [0x00000000f0000000, 0x0000000100000000, 0x0000000100000000)
  eden space 165376K, 74% used [0x00000000f0000000,0x00000000f78411c8,0x00000000fa180000)
  from space 44032K, 77% used [0x00000000fa180000,0x00000000fc2a2050,0x00000000fcc80000)
  to   space 46592K, 0% used [0x00000000fd280000,0x00000000fd280000,0x0000000100000000)
 ParOldGen       total 198656K, used 159722K [0x00000000d0000000, 0x00000000dc200000, 0x00000000f0000000)
  object space 198656K, 80% used [0x00000000d0000000,0x00000000d9bfa820,0x00000000dc200000)
 PSPermGen       total 97792K, used 89914K [0x00000000c0000000, 0x00000000c5f80000, 0x00000000d0000000)
  object space 97792K, 91% used [0x00000000c0000000,0x00000000c57ce828,0x00000000c5f80000)
GC Heap History (10 events):
Event: 750.181 GC heap before
{Heap before GC invocations=53 (full 4):
 PSYoungGen      total 224768K, used 216663K [0x00000000f0000000, 0x0000000100000000, 0x0000000100000000)
  eden space 191488K, 100% used [0x00000000f0000000,0x00000000fbb00000,0x00000000fbb00000)
  from space 33280K, 75% used [0x00000000fdf80000,0x00000000ff815f40,0x0000000100000000)
  to   space 35328K, 0% used [0x00000000fbb00000,0x00000000fbb00000,0x00000000fdd80000)
 ParOldGen       total 198656K, used 159706K [0x00000000d0000000, 0x00000000dc200000, 0x00000000f0000000)
  object space 198656K, 80% used [0x00000000d0000000,0x00000000d9bf6820,0x00000000dc200000)
 PSPermGen       total 97792K, used 88649K [0x00000000c0000000, 0x00000000c5f80000, 0x00000000d0000000)
  object space 97792K, 90% used [0x00000000c0000000,0x00000000c56927a0,0x00000000c5f80000)
Event: 750.200 GC heap after
Heap after GC invocations=53 (full 4):
 PSYoungGen      total 210944K, used 26615K [0x00000000f0000000, 0x00000000ffd00000, 0x0000000100000000)
  eden space 184320K, 0% used [0x00000000f0000000,0x00000000f0000000,0x00000000fb400000)
  from space 26624K, 99% used [0x00000000fbb00000,0x00000000fd4fdf60,0x00000000fd500000)
  to   space 37376K, 0% used [0x00000000fd880000,0x00000000fd880000,0x00000000ffd00000)
 ParOldGen       total 198656K, used 159706K [0x00000000d0000000, 0x00000000dc200000, 0x00000000f0000000)
  object space 198656K, 80% used [0x00000000d0000000,0x00000000d9bf6820,0x00000000dc200000)
 PSPermGen       total 97792K, used 88649K [0x00000000c0000000, 0x00000000c5f80000, 0x00000000d0000000)
  object space 97792K, 90% used [0x00000000c0000000,0x00000000c56927a0,0x00000000c5f80000)
}
Event: 752.496 GC heap before
{Heap before GC invocations=54 (full 4):
 PSYoungGen      total 210944K, used 210935K [0x00000000f0000000, 0x00000000ffd00000, 0x0000000100000000)
  eden space 184320K, 100% used [0x00000000f0000000,0x00000000fb400000,0x00000000fb400000)
  from space 26624K, 99% used [0x00000000fbb00000,0x00000000fd4fdf60,0x00000000fd500000)
  to   space 37376K, 0% used [0x00000000fd880000,0x00000000fd880000,0x00000000ffd00000)
 ParOldGen       total 198656K, used 159706K [0x00000000d0000000, 0x00000000dc200000, 0x00000000f0000000)
  object space 198656K, 80% used [0x00000000d0000000,0x00000000d9bf6820,0x00000000dc200000)
 PSPermGen       total 97792K, used 89246K [0x00000000c0000000, 0x00000000c5f80000, 0x00000000d0000000)
  object space 97792K, 91% used [0x00000000c0000000,0x00000000c5727b58,0x00000000c5f80000)
Event: 752.513 GC heap after
Heap after GC invocations=54 (full 4):
 PSYoungGen      total 215040K, used 32375K [0x00000000f0000000, 0x00000000ffd80000, 0x0000000100000000)
  eden space 177664K, 0% used [0x00000000f0000000,0x00000000f0000000,0x00000000fad80000)
  from space 37376K, 86% used [0x00000000fd880000,0x00000000ff81dfe0,0x00000000ffd00000)
  to   space 40960K, 0% used [0x00000000fad80000,0x00000000fad80000,0x00000000fd580000)
 ParOldGen       total 198656K, used 159706K [0x00000000d0000000, 0x00000000dc200000, 0x00000000f0000000)
  object space 198656K, 80% used [0x00000000d0000000,0x00000000d9bf6820,0x00000000dc200000)
 PSPermGen       total 97792K, used 89246K [0x00000000c0000000, 0x00000000c5f80000, 0x00000000d0000000)
  object space 97792K, 91% used [0x00000000c0000000,0x00000000c5727b58,0x00000000c5f80000)
}
Event: 786.549 GC heap before
{Heap before GC invocations=55 (full 4):
 PSYoungGen      total 215040K, used 210039K [0x00000000f0000000, 0x00000000ffd80000, 0x0000000100000000)
  eden space 177664K, 100% used [0x00000000f0000000,0x00000000fad80000,0x00000000fad80000)
  from space 37376K, 86% used [0x00000000fd880000,0x00000000ff81dfe0,0x00000000ffd00000)
  to   space 40960K, 0% used [0x00000000fad80000,0x00000000fad80000,0x00000000fd580000)
 ParOldGen       total 198656K, used 159706K [0x00000000d0000000, 0x00000000dc200000, 0x00000000f0000000)
  object space 198656K, 80% used [0x00000000d0000000,0x00000000d9bf6820,0x00000000dc200000)
 PSPermGen       total 97792K, used 89295K [0x00000000c0000000, 0x00000000c5f80000, 0x00000000d0000000)
  object space 97792K, 91% used [0x00000000c0000000,0x00000000c5733ec8,0x00000000c5f80000)
Event: 786.570 GC heap after
Heap after GC invocations=55 (full 4):
 PSYoungGen      total 194560K, used 22983K [0x00000000f0000000, 0x00000000ff680000, 0x0000000100000000)
  eden space 171520K, 0% used [0x00000000f0000000,0x00000000f0000000,0x00000000fa780000)
  from space 23040K, 99% used [0x00000000fad80000,0x00000000fc3f1f50,0x00000000fc400000)
  to   space 40448K, 0% used [0x00000000fcf00000,0x00000000fcf00000,0x00000000ff680000)
 ParOldGen       total 198656K, used 159706K [0x00000000d0000000, 0x00000000dc200000, 0x00000000f0000000)
  object space 198656K, 80% used [0x00000000d0000000,0x00000000d9bf6820,0x00000000dc200000)
 PSPermGen       total 97792K, used 89295K [0x00000000c0000000, 0x00000000c5f80000, 0x00000000d0000000)
  object space 97792K, 91% used [0x00000000c0000000,0x00000000c5733ec8,0x00000000c5f80000)
}
Event: 930.675 GC heap before
{Heap before GC invocations=56 (full 4):
 PSYoungGen      total 194560K, used 194503K [0x00000000f0000000, 0x00000000ff680000, 0x0000000100000000)
  eden space 171520K, 100% used [0x00000000f0000000,0x00000000fa780000,0x00000000fa780000)
  from space 23040K, 99% used [0x00000000fad80000,0x00000000fc3f1f50,0x00000000fc400000)
  to   space 40448K, 0% used [0x00000000fcf00000,0x00000000fcf00000,0x00000000ff680000)
 ParOldGen       total 198656K, used 159706K [0x00000000d0000000, 0x00000000dc200000, 0x00000000f0000000)
  object space 198656K, 80% used [0x00000000d0000000,0x00000000d9bf6820,0x00000000dc200000)
 PSPermGen       total 97792K, used 89825K [0x00000000c0000000, 0x00000000c5f80000, 0x00000000d0000000)
  object space 97792K, 91% used [0x00000000c0000000,0x00000000c57b8400,0x00000000c5f80000)
Event: 930.694 GC heap after
Heap after GC invocations=56 (full 4):
 PSYoungGen      total 205824K, used 33896K [0x00000000f0000000, 0x00000000ff780000, 0x0000000100000000)
  eden space 165376K, 0% used [0x00000000f0000000,0x00000000f0000000,0x00000000fa180000)
  from space 40448K, 83% used [0x00000000fcf00000,0x00000000ff01a030,0x00000000ff680000)
  to   space 44032K, 0% used [0x00000000fa180000,0x00000000fa180000,0x00000000fcc80000)
 ParOldGen       total 198656K, used 159714K [0x00000000d0000000, 0x00000000dc200000, 0x00000000f0000000)
  object space 198656K, 80% used [0x00000000d0000000,0x00000000d9bf8820,0x00000000dc200000)
 PSPermGen       total 97792K, used 89825K [0x00000000c0000000, 0x00000000c5f80000, 0x00000000d0000000)
  object space 97792K, 91% used [0x00000000c0000000,0x00000000c57b8400,0x00000000c5f80000)
}
Event: 931.044 GC heap before
{Heap before GC invocations=57 (full 4):
 PSYoungGen      total 205824K, used 199272K [0x00000000f0000000, 0x00000000ff780000, 0x0000000100000000)
  eden space 165376K, 100% used [0x00000000f0000000,0x00000000fa180000,0x00000000fa180000)
  from space 40448K, 83% used [0x00000000fcf00000,0x00000000ff01a030,0x00000000ff680000)
  to   space 44032K, 0% used [0x00000000fa180000,0x00000000fa180000,0x00000000fcc80000)
 ParOldGen       total 198656K, used 159714K [0x00000000d0000000, 0x00000000dc200000, 0x00000000f0000000)
  object space 198656K, 80% used [0x00000000d0000000,0x00000000d9bf8820,0x00000000dc200000)
 PSPermGen       total 97792K, used 89869K [0x00000000c0000000, 0x00000000c5f80000, 0x00000000d0000000)
  object space 97792K, 91% used [0x00000000c0000000,0x00000000c57c3560,0x00000000c5f80000)
Event: 931.061 GC heap after
Heap after GC invocations=57 (full 4):
 PSYoungGen      total 209408K, used 33928K [0x00000000f0000000, 0x0000000100000000, 0x0000000100000000)
  eden space 165376K, 0% used [0x00000000f0000000,0x00000000f0000000,0x00000000fa180000)
  from space 44032K, 77% used [0x00000000fa180000,0x00000000fc2a2050,0x00000000fcc80000)
  to   space 46592K, 0% used [0x00000000fd280000,0x00000000fd280000,0x0000000100000000)
 ParOldGen       total 198656K, used 159722K [0x00000000d0000000, 0x00000000dc200000, 0x00000000f0000000)
  object space 198656K, 80% used [0x00000000d0000000,0x00000000d9bfa820,0x00000000dc200000)
 PSPermGen       total 97792K, used 89869K [0x00000000c0000000, 0x00000000c5f80000, 0x00000000d0000000)
  object space 97792K, 91% used [0x00000000c0000000,0x00000000c57c3560,0x00000000c5f80000)
}

