# JRE version: Java(TM) SE Runtime Environment (7.0_67-b01) (build 1.7.0_67-b01)
# Java VM: Java HotSpot(TM) 64-Bit Server VM (24.65-b04 mixed mode windows-amd64 compressed oops)
Heap
 PSYoungGen      total 198144K, used 122576K [0x00000000f0000000, 0x0000000100000000, 0x0000000100000000)
  eden space 160768K, 53% used [0x00000000f0000000,0x00000000f53afef0,0x00000000f9d00000)
  from space 37376K, 98% used [0x00000000f9d00000,0x00000000fc104248,0x00000000fc180000)
  to   space 51712K, 0% used [0x00000000fcd80000,0x00000000fcd80000,0x0000000100000000)
 ParOldGen       total 196096K, used 136575K [0x00000000d0000000, 0x00000000dbf80000, 0x00000000f0000000)
  object space 196096K, 69% used [0x00000000d0000000,0x00000000d855ff28,0x00000000dbf80000)
 PSPermGen       total 105984K, used 86938K [0x00000000c0000000, 0x00000000c6780000, 0x00000000d0000000)
  object space 105984K, 82% used [0x00000000c0000000,0x00000000c54e6948,0x00000000c6780000)
GC Heap History (10 events):
Event: 86.266 GC heap before
{Heap before GC invocations=45 (full 4):
 PSYoungGen      total 210944K, used 183430K [0x00000000f0000000, 0x0000000100000000, 0x0000000100000000)
  eden space 157184K, 100% used [0x00000000f0000000,0x00000000f9980000,0x00000000f9980000)
  from space 53760K, 48% used [0x00000000fcb80000,0x00000000fe521ad8,0x0000000100000000)
  to   space 51200K, 0% used [0x00000000f9980000,0x00000000f9980000,0x00000000fcb80000)
 ParOldGen       total 196096K, used 136567K [0x00000000d0000000, 0x00000000dbf80000, 0x00000000f0000000)
  object space 196096K, 69% used [0x00000000d0000000,0x00000000d855df28,0x00000000dbf80000)
 PSPermGen       total 105984K, used 83393K [0x00000000c0000000, 0x00000000c6780000, 0x00000000d0000000)
  object space 105984K, 78% used [0x00000000c0000000,0x00000000c51705a8,0x00000000c6780000)
Event: 86.290 GC heap after
Heap after GC invocations=45 (full 4):
 PSYoungGen      total 185856K, used 28589K [0x00000000f0000000, 0x00000000ffb80000, 0x0000000100000000)
  eden space 157184K, 0% used [0x00000000f0000000,0x00000000f0000000,0x00000000f9980000)
  from space 28672K, 99% used [0x00000000f9980000,0x00000000fb56b788,0x00000000fb580000)
  to   space 50176K, 0% used [0x00000000fca80000,0x00000000fca80000,0x00000000ffb80000)
 ParOldGen       total 196096K, used 136567K [0x00000000d0000000, 0x00000000dbf80000, 0x00000000f0000000)
  object space 196096K, 69% used [0x00000000d0000000,0x00000000d855df28,0x00000000dbf80000)
 PSPermGen       total 105984K, used 83393K [0x00000000c0000000, 0x00000000c6780000, 0x00000000d0000000)
  object space 105984K, 78% used [0x00000000c0000000,0x00000000c51705a8,0x00000000c6780000)
}
Event: 88.377 GC heap before
{Heap before GC invocations=46 (full 4):
 PSYoungGen      total 185856K, used 185773K [0x00000000f0000000, 0x00000000ffb80000, 0x0000000100000000)
  eden space 157184K, 100% used [0x00000000f0000000,0x00000000f9980000,0x00000000f9980000)
  from space 28672K, 99% used [0x00000000f9980000,0x00000000fb56b788,0x00000000fb580000)
  to   space 50176K, 0% used [0x00000000fca80000,0x00000000fca80000,0x00000000ffb80000)
 ParOldGen       total 196096K, used 136567K [0x00000000d0000000, 0x00000000dbf80000, 0x00000000f0000000)
  object space 196096K, 69% used [0x00000000d0000000,0x00000000d855df28,0x00000000dbf80000)
 PSPermGen       total 105984K, used 84196K [0x00000000c0000000, 0x00000000c6780000, 0x00000000d0000000)
  object space 105984K, 79% used [0x00000000c0000000,0x00000000c52393e0,0x00000000c6780000)
Event: 88.393 GC heap after
Heap after GC invocations=46 (full 4):
 PSYoungGen      total 207872K, used 30218K [0x00000000f0000000, 0x0000000100000000, 0x0000000100000000)
  eden space 157696K, 0% used [0x00000000f0000000,0x00000000f0000000,0x00000000f9a00000)
  from space 50176K, 60% used [0x00000000fca80000,0x00000000fe802b10,0x00000000ffb80000)
  to   space 49664K, 0% used [0x00000000f9a00000,0x00000000f9a00000,0x00000000fca80000)
 ParOldGen       total 196096K, used 136567K [0x00000000d0000000, 0x00000000dbf80000, 0x00000000f0000000)
  object space 196096K, 69% used [0x00000000d0000000,0x00000000d855df28,0x00000000dbf80000)
 PSPermGen       total 105984K, used 84196K [0x00000000c0000000, 0x00000000c6780000, 0x00000000d0000000)
  object space 105984K, 79% used [0x00000000c0000000,0x00000000c52393e0,0x00000000c6780000)
}
Event: 97.670 GC heap before
{Heap before GC invocations=47 (full 4):
 PSYoungGen      total 207872K, used 187914K [0x00000000f0000000, 0x0000000100000000, 0x0000000100000000)
  eden space 157696K, 100% used [0x00000000f0000000,0x00000000f9a00000,0x00000000f9a00000)
  from space 50176K, 60% used [0x00000000fca80000,0x00000000fe802b10,0x00000000ffb80000)
  to   space 49664K, 0% used [0x00000000f9a00000,0x00000000f9a00000,0x00000000fca80000)
 ParOldGen       total 196096K, used 136567K [0x00000000d0000000, 0x00000000dbf80000, 0x00000000f0000000)
  object space 196096K, 69% used [0x00000000d0000000,0x00000000d855df28,0x00000000dbf80000)
 PSPermGen       total 105984K, used 85225K [0x00000000c0000000, 0x00000000c6780000, 0x00000000d0000000)
  object space 105984K, 80% used [0x00000000c0000000,0x00000000c533a5f0,0x00000000c6780000)
Event: 97.688 GC heap after
Heap after GC invocations=47 (full 4):
 PSYoungGen      total 207360K, used 33667K [0x00000000f0000000, 0x0000000100000000, 0x0000000100000000)
  eden space 157696K, 0% used [0x00000000f0000000,0x00000000f0000000,0x00000000f9a00000)
  from space 49664K, 67% used [0x00000000f9a00000,0x00000000fbae0d38,0x00000000fca80000)
  to   space 50176K, 0% used [0x00000000fcf00000,0x00000000fcf00000,0x0000000100000000)
 ParOldGen       total 196096K, used 136575K [0x00000000d0000000, 0x00000000dbf80000, 0x00000000f0000000)
  object space 196096K, 69% used [0x00000000d0000000,0x00000000d855ff28,0x00000000dbf80000)
 PSPermGen       total 105984K, used 85225K [0x00000000c0000000, 0x00000000c6780000, 0x00000000d0000000)
  object space 105984K, 80% used [0x00000000c0000000,0x00000000c533a5f0,0x00000000c6780000)
}
Event: 99.866 GC heap before
{Heap before GC invocations=48 (full 4):
 PSYoungGen      total 207360K, used 191363K [0x00000000f0000000, 0x0000000100000000, 0x0000000100000000)
  eden space 157696K, 100% used [0x00000000f0000000,0x00000000f9a00000,0x00000000f9a00000)
  from space 49664K, 67% used [0x00000000f9a00000,0x00000000fbae0d38,0x00000000fca80000)
  to   space 50176K, 0% used [0x00000000fcf00000,0x00000000fcf00000,0x0000000100000000)
 ParOldGen       total 196096K, used 136575K [0x00000000d0000000, 0x00000000dbf80000, 0x00000000f0000000)
  object space 196096K, 69% used [0x00000000d0000000,0x00000000d855ff28,0x00000000dbf80000)
 PSPermGen       total 105984K, used 85465K [0x00000000c0000000, 0x00000000c6780000, 0x00000000d0000000)
  object space 105984K, 80% used [0x00000000c0000000,0x00000000c5376518,0x00000000c6780000)
Event: 99.886 GC heap after
Heap after GC invocations=48 (full 4):
 PSYoungGen      total 210944K, used 34420K [0x00000000f0000000, 0x0000000100000000, 0x0000000100000000)
  eden space 160768K, 0% used [0x00000000f0000000,0x00000000f0000000,0x00000000f9d00000)
  from space 50176K, 68% used [0x00000000fcf00000,0x00000000ff09d370,0x0000000100000000)
  to   space 50688K, 0% used [0x00000000f9d00000,0x00000000f9d00000,0x00000000fce80000)
 ParOldGen       total 196096K, used 136575K [0x00000000d0000000, 0x00000000dbf80000, 0x00000000f0000000)
  object space 196096K, 69% used [0x00000000d0000000,0x00000000d855ff28,0x00000000dbf80000)
 PSPermGen       total 105984K, used 85465K [0x00000000c0000000, 0x00000000c6780000, 0x00000000d0000000)
  object space 105984K, 80% used [0x00000000c0000000,0x00000000c5376518,0x00000000c6780000)
}
Event: 353.068 GC heap before
{Heap before GC invocations=49 (full 4):
 PSYoungGen      total 210944K, used 195188K [0x00000000f0000000, 0x0000000100000000, 0x0000000100000000)
  eden space 160768K, 100% used [0x00000000f0000000,0x00000000f9d00000,0x00000000f9d00000)
  from space 50176K, 68% used [0x00000000fcf00000,0x00000000ff09d370,0x0000000100000000)
  to   space 50688K, 0% used [0x00000000f9d00000,0x00000000f9d00000,0x00000000fce80000)
 ParOldGen       total 196096K, used 136575K [0x00000000d0000000, 0x00000000dbf80000, 0x00000000f0000000)
  object space 196096K, 69% used [0x00000000d0000000,0x00000000d855ff28,0x00000000dbf80000)
 PSPermGen       total 105984K, used 86076K [0x00000000c0000000, 0x00000000c6780000, 0x00000000d0000000)
  object space 105984K, 81% used [0x00000000c0000000,0x00000000c540f1f0,0x00000000c6780000)
Event: 353.093 GC heap after
Heap after GC invocations=49 (full 4):
 PSYoungGen      total 198144K, used 36880K [0x00000000f0000000, 0x0000000100000000, 0x0000000100000000)
  eden space 160768K, 0% used [0x00000000f0000000,0x00000000f0000000,0x00000000f9d00000)
  from space 37376K, 98% used [0x00000000f9d00000,0x00000000fc104248,0x00000000fc180000)
  to   space 51712K, 0% used [0x00000000fcd80000,0x00000000fcd80000,0x0000000100000000)
 ParOldGen       total 196096K, used 136575K [0x00000000d0000000, 0x00000000dbf80000, 0x00000000f0000000)
  object space 196096K, 69% used [0x00000000d0000000,0x00000000d855ff28,0x00000000dbf80000)
 PSPermGen       total 105984K, used 86076K [0x00000000c0000000, 0x00000000c6780000, 0x00000000d0000000)
  object space 105984K, 81% used [0x00000000c0000000,0x00000000c540f1f0,0x00000000c6780000)
}

