# JRE version: Java(TM) SE Runtime Environment (7.0_67-b01) (build 1.7.0_67-b01)
# Java VM: Java HotSpot(TM) 64-Bit Server VM (24.65-b04 mixed mode windows-amd64 compressed oops)
Heap
 PSYoungGen      total 234496K, used 113057K [0x00000000f0000000, 0x0000000100000000, 0x0000000100000000)
  eden space 221184K, 51% used [0x00000000f0000000,0x00000000f6e68668,0x00000000fd800000)
  from space 13312K, 0% used [0x00000000ff300000,0x00000000ff300000,0x0000000100000000)
  to   space 20480K, 0% used [0x00000000fd800000,0x00000000fd800000,0x00000000fec00000)
 ParOldGen       total 134656K, used 84727K [0x00000000d0000000, 0x00000000d8380000, 0x00000000f0000000)
  object space 134656K, 62% used [0x00000000d0000000,0x00000000d52bdf10,0x00000000d8380000)
 PSPermGen       total 82944K, used 41232K [0x00000000c0000000, 0x00000000c5100000, 0x00000000d0000000)
  object space 82944K, 49% used [0x00000000c0000000,0x00000000c2844278,0x00000000c5100000)
GC Heap History (10 events):
Event: 15.705 GC heap before
{Heap before GC invocations=17 (full 0):
 PSYoungGen      total 249344K, used 238735K [0x00000000f0000000, 0x0000000100000000, 0x0000000100000000)
  eden space 236032K, 99% used [0x00000000f0000000,0x00000000fe512aa0,0x00000000fe680000)
  from space 13312K, 31% used [0x00000000ff300000,0x00000000ff711258,0x0000000100000000)
  to   space 12800K, 0% used [0x00000000fe680000,0x00000000fe680000,0x00000000ff300000)
 ParOldGen       total 86016K, used 42437K [0x00000000d0000000, 0x00000000d5400000, 0x00000000f0000000)
  object space 86016K, 49% used [0x00000000d0000000,0x00000000d29717d8,0x00000000d5400000)
 PSPermGen       total 35840K, used 35496K [0x00000000c0000000, 0x00000000c2300000, 0x00000000d0000000)
  object space 35840K, 99% used [0x00000000c0000000,0x00000000c22aa3d8,0x00000000c2300000)
Event: 15.722 GC heap after
Heap after GC invocations=17 (full 0):
 PSYoungGen      total 248832K, used 7936K [0x00000000f0000000, 0x00000000fff80000, 0x0000000100000000)
  eden space 236032K, 0% used [0x00000000f0000000,0x00000000f0000000,0x00000000fe680000)
  from space 12800K, 62% used [0x00000000fe680000,0x00000000fee40238,0x00000000ff300000)
  to   space 12800K, 0% used [0x00000000ff300000,0x00000000ff300000,0x00000000fff80000)
 ParOldGen       total 86016K, used 45769K [0x00000000d0000000, 0x00000000d5400000, 0x00000000f0000000)
  object space 86016K, 53% used [0x00000000d0000000,0x00000000d2cb25f0,0x00000000d5400000)
 PSPermGen       total 35840K, used 35496K [0x00000000c0000000, 0x00000000c2300000, 0x00000000d0000000)
  object space 35840K, 99% used [0x00000000c0000000,0x00000000c22aa3d8,0x00000000c2300000)
}
Event: 16.507 GC heap before
{Heap before GC invocations=18 (full 0):
 PSYoungGen      total 248832K, used 238324K [0x00000000f0000000, 0x00000000fff80000, 0x0000000100000000)
  eden space 236032K, 97% used [0x00000000f0000000,0x00000000fe0fd078,0x00000000fe680000)
  from space 12800K, 62% used [0x00000000fe680000,0x00000000fee40238,0x00000000ff300000)
  to   space 12800K, 0% used [0x00000000ff300000,0x00000000ff300000,0x00000000fff80000)
 ParOldGen       total 86016K, used 45769K [0x00000000d0000000, 0x00000000d5400000, 0x00000000f0000000)
  object space 86016K, 53% used [0x00000000d0000000,0x00000000d2cb25f0,0x00000000d5400000)
 PSPermGen       total 37888K, used 37603K [0x00000000c0000000, 0x00000000c2500000, 0x00000000d0000000)
  object space 37888K, 99% used [0x00000000c0000000,0x00000000c24b8d10,0x00000000c2500000)
Event: 16.518 GC heap after
Heap after GC invocations=18 (full 0):
 PSYoungGen      total 248832K, used 7468K [0x00000000f0000000, 0x0000000100000000, 0x0000000100000000)
  eden space 236032K, 0% used [0x00000000f0000000,0x00000000f0000000,0x00000000fe680000)
  from space 12800K, 58% used [0x00000000ff300000,0x00000000ffa4b2f0,0x00000000fff80000)
  to   space 12800K, 0% used [0x00000000fe680000,0x00000000fe680000,0x00000000ff300000)
 ParOldGen       total 86016K, used 52052K [0x00000000d0000000, 0x00000000d5400000, 0x00000000f0000000)
  object space 86016K, 60% used [0x00000000d0000000,0x00000000d32d50d8,0x00000000d5400000)
 PSPermGen       total 37888K, used 37603K [0x00000000c0000000, 0x00000000c2500000, 0x00000000d0000000)
  object space 37888K, 99% used [0x00000000c0000000,0x00000000c24b8d10,0x00000000c2500000)
}
Event: 17.546 GC heap before
{Heap before GC invocations=19 (full 0):
 PSYoungGen      total 248832K, used 235492K [0x00000000f0000000, 0x0000000100000000, 0x0000000100000000)
  eden space 236032K, 96% used [0x00000000f0000000,0x00000000fdeadd98,0x00000000fe680000)
  from space 12800K, 58% used [0x00000000ff300000,0x00000000ffa4b2f0,0x00000000fff80000)
  to   space 12800K, 0% used [0x00000000fe680000,0x00000000fe680000,0x00000000ff300000)
 ParOldGen       total 86016K, used 52052K [0x00000000d0000000, 0x00000000d5400000, 0x00000000f0000000)
  object space 86016K, 60% used [0x00000000d0000000,0x00000000d32d50d8,0x00000000d5400000)
 PSPermGen       total 40448K, used 40262K [0x00000000c0000000, 0x00000000c2780000, 0x00000000d0000000)
  object space 40448K, 99% used [0x00000000c0000000,0x00000000c2751bd0,0x00000000c2780000)
Event: 17.561 GC heap after
Heap after GC invocations=19 (full 0):
 PSYoungGen      total 248832K, used 12786K [0x00000000f0000000, 0x0000000100000000, 0x0000000100000000)
  eden space 236032K, 0% used [0x00000000f0000000,0x00000000f0000000,0x00000000fe680000)
  from space 12800K, 99% used [0x00000000fe680000,0x00000000ff2fc838,0x00000000ff300000)
  to   space 13312K, 0% used [0x00000000ff300000,0x00000000ff300000,0x0000000100000000)
 ParOldGen       total 86016K, used 69199K [0x00000000d0000000, 0x00000000d5400000, 0x00000000f0000000)
  object space 86016K, 80% used [0x00000000d0000000,0x00000000d4393c60,0x00000000d5400000)
 PSPermGen       total 40448K, used 40262K [0x00000000c0000000, 0x00000000c2780000, 0x00000000d0000000)
  object space 40448K, 99% used [0x00000000c0000000,0x00000000c2751bd0,0x00000000c2780000)
}
Event: 539.463 GC heap before
{Heap before GC invocations=20 (full 0):
 PSYoungGen      total 248832K, used 248818K [0x00000000f0000000, 0x0000000100000000, 0x0000000100000000)
  eden space 236032K, 100% used [0x00000000f0000000,0x00000000fe680000,0x00000000fe680000)
  from space 12800K, 99% used [0x00000000fe680000,0x00000000ff2fc838,0x00000000ff300000)
  to   space 13312K, 0% used [0x00000000ff300000,0x00000000ff300000,0x0000000100000000)
 ParOldGen       total 86016K, used 69199K [0x00000000d0000000, 0x00000000d5400000, 0x00000000f0000000)
  object space 86016K, 80% used [0x00000000d0000000,0x00000000d4393c60,0x00000000d5400000)
 PSPermGen       total 41472K, used 41234K [0x00000000c0000000, 0x00000000c2880000, 0x00000000d0000000)
  object space 41472K, 99% used [0x00000000c0000000,0x00000000c2844bb8,0x00000000c2880000)
Event: 539.481 GC heap after
Heap after GC invocations=20 (full 0):
 PSYoungGen      total 234496K, used 9968K [0x00000000f0000000, 0x0000000100000000, 0x0000000100000000)
  eden space 221184K, 0% used [0x00000000f0000000,0x00000000f0000000,0x00000000fd800000)
  from space 13312K, 74% used [0x00000000ff300000,0x00000000ffcbc290,0x0000000100000000)
  to   space 20480K, 0% used [0x00000000fd800000,0x00000000fd800000,0x00000000fec00000)
 ParOldGen       total 86016K, used 81904K [0x00000000d0000000, 0x00000000d5400000, 0x00000000f0000000)
  object space 86016K, 95% used [0x00000000d0000000,0x00000000d4ffc3f8,0x00000000d5400000)
 PSPermGen       total 41472K, used 41234K [0x00000000c0000000, 0x00000000c2880000, 0x00000000d0000000)
  object space 41472K, 99% used [0x00000000c0000000,0x00000000c2844bb8,0x00000000c2880000)
}
Event: 539.481 GC heap before
{Heap before GC invocations=21 (full 1):
 PSYoungGen      total 234496K, used 9968K [0x00000000f0000000, 0x0000000100000000, 0x0000000100000000)
  eden space 221184K, 0% used [0x00000000f0000000,0x00000000f0000000,0x00000000fd800000)
  from space 13312K, 74% used [0x00000000ff300000,0x00000000ffcbc290,0x0000000100000000)
  to   space 20480K, 0% used [0x00000000fd800000,0x00000000fd800000,0x00000000fec00000)
 ParOldGen       total 86016K, used 81904K [0x00000000d0000000, 0x00000000d5400000, 0x00000000f0000000)
  object space 86016K, 95% used [0x00000000d0000000,0x00000000d4ffc3f8,0x00000000d5400000)
 PSPermGen       total 41472K, used 41234K [0x00000000c0000000, 0x00000000c2880000, 0x00000000d0000000)
  object space 41472K, 99% used [0x00000000c0000000,0x00000000c2844bb8,0x00000000c2880000)
Event: 539.772 GC heap after
Heap after GC invocations=21 (full 1):
 PSYoungGen      total 234496K, used 0K [0x00000000f0000000, 0x0000000100000000, 0x0000000100000000)
  eden space 221184K, 0% used [0x00000000f0000000,0x00000000f0000000,0x00000000fd800000)
  from space 13312K, 0% used [0x00000000ff300000,0x00000000ff300000,0x0000000100000000)
  to   space 20480K, 0% used [0x00000000fd800000,0x00000000fd800000,0x00000000fec00000)
 ParOldGen       total 134656K, used 84727K [0x00000000d0000000, 0x00000000d8380000, 0x00000000f0000000)
  object space 134656K, 62% used [0x00000000d0000000,0x00000000d52bdf10,0x00000000d8380000)
 PSPermGen       total 82944K, used 41214K [0x00000000c0000000, 0x00000000c5100000, 0x00000000d0000000)
  object space 82944K, 49% used [0x00000000c0000000,0x00000000c283f920,0x00000000c5100000)
}

