# JRE version: Java(TM) SE Runtime Environment (7.0_67-b01) (build 1.7.0_67-b01)
# Java VM: Java HotSpot(TM) 64-Bit Server VM (24.65-b04 mixed mode windows-amd64 compressed oops)
Heap
 PSYoungGen      total 252416K, used 62190K [0x00000000f0000000, 0x0000000100000000, 0x0000000100000000)
  eden space 242688K, 25% used [0x00000000f0000000,0x00000000f3cbba88,0x00000000fed00000)
  from space 9728K, 0% used [0x00000000fed00000,0x00000000fed00000,0x00000000ff680000)
  to   space 9728K, 0% used [0x00000000ff680000,0x00000000ff680000,0x0000000100000000)
 ParOldGen       total 54784K, used 54758K [0x00000000d0000000, 0x00000000d3580000, 0x00000000f0000000)
  object space 54784K, 99% used [0x00000000d0000000,0x00000000d3579870,0x00000000d3580000)
 PSPermGen       total 68608K, used 43166K [0x00000000c0000000, 0x00000000c4300000, 0x00000000d0000000)
  object space 68608K, 62% used [0x00000000c0000000,0x00000000c2a27980,0x00000000c4300000)
GC Heap History (10 events):
Event: 10.474 GC heap before
{Heap before GC invocations=19 (full 2):
 PSYoungGen      total 250368K, used 242345K [0x00000000f0000000, 0x0000000100000000, 0x0000000100000000)
  eden space 245760K, 96% used [0x00000000f0000000,0x00000000fe82e058,0x00000000ff000000)
  from space 4608K, 99% used [0x00000000ffa80000,0x00000000ffefc650,0x00000000fff00000)
  to   space 8192K, 0% used [0x00000000ff000000,0x00000000ff000000,0x00000000ff800000)
 ParOldGen       total 54784K, used 27051K [0x00000000d0000000, 0x00000000d3580000, 0x00000000f0000000)
  object space 54784K, 49% used [0x00000000d0000000,0x00000000d1a6add0,0x00000000d3580000)
 PSPermGen       total 35840K, used 35646K [0x00000000c0000000, 0x00000000c2300000, 0x00000000d0000000)
  object space 35840K, 99% used [0x00000000c0000000,0x00000000c22cfa98,0x00000000c2300000)
Event: 10.492 GC heap after
Heap after GC invocations=19 (full 2):
 PSYoungGen      total 252928K, used 6731K [0x00000000f0000000, 0x0000000100000000, 0x0000000100000000)
  eden space 245760K, 0% used [0x00000000f0000000,0x00000000f0000000,0x00000000ff000000)
  from space 7168K, 93% used [0x00000000ff000000,0x00000000ff692d78,0x00000000ff700000)
  to   space 8704K, 0% used [0x00000000ff780000,0x00000000ff780000,0x0000000100000000)
 ParOldGen       total 54784K, used 31609K [0x00000000d0000000, 0x00000000d3580000, 0x00000000f0000000)
  object space 54784K, 57% used [0x00000000d0000000,0x00000000d1ede7e8,0x00000000d3580000)
 PSPermGen       total 35840K, used 35646K [0x00000000c0000000, 0x00000000c2300000, 0x00000000d0000000)
  object space 35840K, 99% used [0x00000000c0000000,0x00000000c22cfa98,0x00000000c2300000)
}
Event: 11.717 GC heap before
{Heap before GC invocations=20 (full 2):
 PSYoungGen      total 252928K, used 244123K [0x00000000f0000000, 0x0000000100000000, 0x0000000100000000)
  eden space 245760K, 96% used [0x00000000f0000000,0x00000000fe7d4038,0x00000000ff000000)
  from space 7168K, 93% used [0x00000000ff000000,0x00000000ff692d78,0x00000000ff700000)
  to   space 8704K, 0% used [0x00000000ff780000,0x00000000ff780000,0x0000000100000000)
 ParOldGen       total 54784K, used 31609K [0x00000000d0000000, 0x00000000d3580000, 0x00000000f0000000)
  object space 54784K, 57% used [0x00000000d0000000,0x00000000d1ede7e8,0x00000000d3580000)
 PSPermGen       total 38400K, used 38365K [0x00000000c0000000, 0x00000000c2580000, 0x00000000d0000000)
  object space 38400K, 99% used [0x00000000c0000000,0x00000000c2577740,0x00000000c2580000)
Event: 11.724 GC heap after
Heap after GC invocations=20 (full 2):
 PSYoungGen      total 251392K, used 7912K [0x00000000f0000000, 0x0000000100000000, 0x0000000100000000)
  eden space 242688K, 0% used [0x00000000f0000000,0x00000000f0000000,0x00000000fed00000)
  from space 8704K, 90% used [0x00000000ff780000,0x00000000fff3a320,0x0000000100000000)
  to   space 9728K, 0% used [0x00000000fed00000,0x00000000fed00000,0x00000000ff680000)
 ParOldGen       total 54784K, used 37046K [0x00000000d0000000, 0x00000000d3580000, 0x00000000f0000000)
  object space 54784K, 67% used [0x00000000d0000000,0x00000000d242db70,0x00000000d3580000)
 PSPermGen       total 38400K, used 38365K [0x00000000c0000000, 0x00000000c2580000, 0x00000000d0000000)
  object space 38400K, 99% used [0x00000000c0000000,0x00000000c2577740,0x00000000c2580000)
}
Event: 13.450 GC heap before
{Heap before GC invocations=21 (full 2):
 PSYoungGen      total 251392K, used 250600K [0x00000000f0000000, 0x0000000100000000, 0x0000000100000000)
  eden space 242688K, 100% used [0x00000000f0000000,0x00000000fed00000,0x00000000fed00000)
  from space 8704K, 90% used [0x00000000ff780000,0x00000000fff3a320,0x0000000100000000)
  to   space 9728K, 0% used [0x00000000fed00000,0x00000000fed00000,0x00000000ff680000)
 ParOldGen       total 54784K, used 37046K [0x00000000d0000000, 0x00000000d3580000, 0x00000000f0000000)
  object space 54784K, 67% used [0x00000000d0000000,0x00000000d242db70,0x00000000d3580000)
 PSPermGen       total 40960K, used 40619K [0x00000000c0000000, 0x00000000c2800000, 0x00000000d0000000)
  object space 40960K, 99% used [0x00000000c0000000,0x00000000c27aae00,0x00000000c2800000)
Event: 13.463 GC heap after
Heap after GC invocations=21 (full 2):
 PSYoungGen      total 252416K, used 9728K [0x00000000f0000000, 0x0000000100000000, 0x0000000100000000)
  eden space 242688K, 0% used [0x00000000f0000000,0x00000000f0000000,0x00000000fed00000)
  from space 9728K, 100% used [0x00000000fed00000,0x00000000ff680000,0x00000000ff680000)
  to   space 9728K, 0% used [0x00000000ff680000,0x00000000ff680000,0x0000000100000000)
 ParOldGen       total 54784K, used 51059K [0x00000000d0000000, 0x00000000d3580000, 0x00000000f0000000)
  object space 54784K, 93% used [0x00000000d0000000,0x00000000d31dcc90,0x00000000d3580000)
 PSPermGen       total 40960K, used 40619K [0x00000000c0000000, 0x00000000c2800000, 0x00000000d0000000)
  object space 40960K, 99% used [0x00000000c0000000,0x00000000c27aae00,0x00000000c2800000)
}
Event: 13.463 GC heap before
{Heap before GC invocations=22 (full 3):
 PSYoungGen      total 252416K, used 9728K [0x00000000f0000000, 0x0000000100000000, 0x0000000100000000)
  eden space 242688K, 0% used [0x00000000f0000000,0x00000000f0000000,0x00000000fed00000)
  from space 9728K, 100% used [0x00000000fed00000,0x00000000ff680000,0x00000000ff680000)
  to   space 9728K, 0% used [0x00000000ff680000,0x00000000ff680000,0x0000000100000000)
 ParOldGen       total 54784K, used 51059K [0x00000000d0000000, 0x00000000d3580000, 0x00000000f0000000)
  object space 54784K, 93% used [0x00000000d0000000,0x00000000d31dcc90,0x00000000d3580000)
 PSPermGen       total 40960K, used 40619K [0x00000000c0000000, 0x00000000c2800000, 0x00000000d0000000)
  object space 40960K, 99% used [0x00000000c0000000,0x00000000c27aae00,0x00000000c2800000)
Event: 13.721 GC heap after
Heap after GC invocations=22 (full 3):
 PSYoungGen      total 252416K, used 4017K [0x00000000f0000000, 0x0000000100000000, 0x0000000100000000)
  eden space 242688K, 0% used [0x00000000f0000000,0x00000000f0000000,0x00000000fed00000)
  from space 9728K, 41% used [0x00000000fed00000,0x00000000ff0ec458,0x00000000ff680000)
  to   space 9728K, 0% used [0x00000000ff680000,0x00000000ff680000,0x0000000100000000)
 ParOldGen       total 54784K, used 54286K [0x00000000d0000000, 0x00000000d3580000, 0x00000000f0000000)
  object space 54784K, 99% used [0x00000000d0000000,0x00000000d3503bc8,0x00000000d3580000)
 PSPermGen       total 65536K, used 40610K [0x00000000c0000000, 0x00000000c4000000, 0x00000000d0000000)
  object space 65536K, 61% used [0x00000000c0000000,0x00000000c27a8b10,0x00000000c4000000)
}
Event: 14.882 GC heap before
{Heap before GC invocations=23 (full 4):
 PSYoungGen      total 252416K, used 246705K [0x00000000f0000000, 0x0000000100000000, 0x0000000100000000)
  eden space 242688K, 100% used [0x00000000f0000000,0x00000000fed00000,0x00000000fed00000)
  from space 9728K, 41% used [0x00000000fed00000,0x00000000ff0ec458,0x00000000ff680000)
  to   space 9728K, 0% used [0x00000000ff680000,0x00000000ff680000,0x0000000100000000)
 ParOldGen       total 54784K, used 54286K [0x00000000d0000000, 0x00000000d3580000, 0x00000000f0000000)
  object space 54784K, 99% used [0x00000000d0000000,0x00000000d3503bc8,0x00000000d3580000)
 PSPermGen       total 65536K, used 42855K [0x00000000c0000000, 0x00000000c4000000, 0x00000000d0000000)
  object space 65536K, 65% used [0x00000000c0000000,0x00000000c29d9f30,0x00000000c4000000)
Event: 15.161 GC heap after
Heap after GC invocations=23 (full 4):
 PSYoungGen      total 252416K, used 14598K [0x00000000f0000000, 0x0000000100000000, 0x0000000100000000)
  eden space 242688K, 6% used [0x00000000f0000000,0x00000000f0e418c0,0x00000000fed00000)
  from space 9728K, 0% used [0x00000000fed00000,0x00000000fed00000,0x00000000ff680000)
  to   space 9728K, 0% used [0x00000000ff680000,0x00000000ff680000,0x0000000100000000)
 ParOldGen       total 54784K, used 54758K [0x00000000d0000000, 0x00000000d3580000, 0x00000000f0000000)
  object space 54784K, 99% used [0x00000000d0000000,0x00000000d3579870,0x00000000d3580000)
 PSPermGen       total 68608K, used 42855K [0x00000000c0000000, 0x00000000c4300000, 0x00000000d0000000)
  object space 68608K, 62% used [0x00000000c0000000,0x00000000c29d9ca0,0x00000000c4300000)
}

