# JRE version: Java(TM) SE Runtime Environment (7.0_67-b01) (build 1.7.0_67-b01)
# Java VM: Java HotSpot(TM) 64-Bit Server VM (24.65-b04 mixed mode windows-amd64 compressed oops)
Heap
 PSYoungGen      total 242176K, used 230333K [0x00000000f0000000, 0x00000000ff900000, 0x0000000100000000)
  eden space 232448K, 95% used [0x00000000f0000000,0x00000000fd7c46b8,0x00000000fe300000)
  from space 9728K, 96% used [0x00000000fed00000,0x00000000ff62ae88,0x00000000ff680000)
  to   space 2560K, 0% used [0x00000000ff680000,0x00000000ff680000,0x00000000ff900000)
 ParOldGen       total 86016K, used 48045K [0x00000000d0000000, 0x00000000d5400000, 0x00000000f0000000)
  object space 86016K, 55% used [0x00000000d0000000,0x00000000d2eeb778,0x00000000d5400000)
 PSPermGen       total 39936K, used 39794K [0x00000000c0000000, 0x00000000c2700000, 0x00000000d0000000)
  object space 39936K, 99% used [0x00000000c0000000,0x00000000c26dc890,0x00000000c2700000)
GC Heap History (10 events):
Event: 36.860 GC heap before
{Heap before GC invocations=31 (full 0):
 PSYoungGen      total 190464K, used 188944K [0x00000000f0000000, 0x00000000fc500000, 0x0000000100000000)
  eden space 182272K, 100% used [0x00000000f0000000,0x00000000fb200000,0x00000000fb200000)
  from space 8192K, 81% used [0x00000000fbb00000,0x00000000fc1840b8,0x00000000fc300000)
  to   space 9216K, 0% used [0x00000000fb200000,0x00000000fb200000,0x00000000fbb00000)
 ParOldGen       total 86016K, used 28996K [0x00000000d0000000, 0x00000000d5400000, 0x00000000f0000000)
  object space 86016K, 33% used [0x00000000d0000000,0x00000000d1c51190,0x00000000d5400000)
 PSPermGen       total 29696K, used 29186K [0x00000000c0000000, 0x00000000c1d00000, 0x00000000d0000000)
  object space 29696K, 98% used [0x00000000c0000000,0x00000000c1c80a80,0x00000000c1d00000)
Event: 36.870 GC heap after
Heap after GC invocations=31 (full 0):
 PSYoungGen      total 191488K, used 3966K [0x00000000f0000000, 0x00000000ff880000, 0x0000000100000000)
  eden space 182272K, 0% used [0x00000000f0000000,0x00000000f0000000,0x00000000fb200000)
  from space 9216K, 43% used [0x00000000fb200000,0x00000000fb5dfa30,0x00000000fbb00000)
  to   space 8704K, 0% used [0x00000000ff000000,0x00000000ff000000,0x00000000ff880000)
 ParOldGen       total 86016K, used 34798K [0x00000000d0000000, 0x00000000d5400000, 0x00000000f0000000)
  object space 86016K, 40% used [0x00000000d0000000,0x00000000d21fb9c0,0x00000000d5400000)
 PSPermGen       total 29696K, used 29186K [0x00000000c0000000, 0x00000000c1d00000, 0x00000000d0000000)
  object space 29696K, 98% used [0x00000000c0000000,0x00000000c1c80a80,0x00000000c1d00000)
}
Event: 38.447 GC heap before
{Heap before GC invocations=32 (full 0):
 PSYoungGen      total 191488K, used 186238K [0x00000000f0000000, 0x00000000ff880000, 0x0000000100000000)
  eden space 182272K, 100% used [0x00000000f0000000,0x00000000fb200000,0x00000000fb200000)
  from space 9216K, 43% used [0x00000000fb200000,0x00000000fb5dfa30,0x00000000fbb00000)
  to   space 8704K, 0% used [0x00000000ff000000,0x00000000ff000000,0x00000000ff880000)
 ParOldGen       total 86016K, used 34798K [0x00000000d0000000, 0x00000000d5400000, 0x00000000f0000000)
  object space 86016K, 40% used [0x00000000d0000000,0x00000000d21fb9c0,0x00000000d5400000)
 PSPermGen       total 31232K, used 30823K [0x00000000c0000000, 0x00000000c1e80000, 0x00000000d0000000)
  object space 31232K, 98% used [0x00000000c0000000,0x00000000c1e19ed0,0x00000000c1e80000)
Event: 38.462 GC heap after
Heap after GC invocations=32 (full 0):
 PSYoungGen      total 244736K, used 7287K [0x00000000f0000000, 0x00000000ffa80000, 0x0000000100000000)
  eden space 236032K, 0% used [0x00000000f0000000,0x00000000f0000000,0x00000000fe680000)
  from space 8704K, 83% used [0x00000000ff000000,0x00000000ff71def8,0x00000000ff880000)
  to   space 9728K, 0% used [0x00000000fe680000,0x00000000fe680000,0x00000000ff000000)
 ParOldGen       total 86016K, used 36133K [0x00000000d0000000, 0x00000000d5400000, 0x00000000f0000000)
  object space 86016K, 42% used [0x00000000d0000000,0x00000000d2349520,0x00000000d5400000)
 PSPermGen       total 31232K, used 30823K [0x00000000c0000000, 0x00000000c1e80000, 0x00000000d0000000)
  object space 31232K, 98% used [0x00000000c0000000,0x00000000c1e19ed0,0x00000000c1e80000)
}
Event: 39.452 GC heap before
{Heap before GC invocations=33 (full 0):
 PSYoungGen      total 244736K, used 238644K [0x00000000f0000000, 0x00000000ffa80000, 0x0000000100000000)
  eden space 236032K, 98% used [0x00000000f0000000,0x00000000fe1ef4b0,0x00000000fe680000)
  from space 8704K, 83% used [0x00000000ff000000,0x00000000ff71def8,0x00000000ff880000)
  to   space 9728K, 0% used [0x00000000fe680000,0x00000000fe680000,0x00000000ff000000)
 ParOldGen       total 86016K, used 36133K [0x00000000d0000000, 0x00000000d5400000, 0x00000000f0000000)
  object space 86016K, 42% used [0x00000000d0000000,0x00000000d2349520,0x00000000d5400000)
 PSPermGen       total 32768K, used 32526K [0x00000000c0000000, 0x00000000c2000000, 0x00000000d0000000)
  object space 32768K, 99% used [0x00000000c0000000,0x00000000c1fc3a28,0x00000000c2000000)
Event: 39.457 GC heap after
Heap after GC invocations=33 (full 0):
 PSYoungGen      total 245760K, used 3760K [0x00000000f0000000, 0x0000000100000000, 0x0000000100000000)
  eden space 236032K, 0% used [0x00000000f0000000,0x00000000f0000000,0x00000000fe680000)
  from space 9728K, 38% used [0x00000000fe680000,0x00000000fea2c228,0x00000000ff000000)
  to   space 9216K, 0% used [0x00000000ff700000,0x00000000ff700000,0x0000000100000000)
 ParOldGen       total 86016K, used 39328K [0x00000000d0000000, 0x00000000d5400000, 0x00000000f0000000)
  object space 86016K, 45% used [0x00000000d0000000,0x00000000d2668090,0x00000000d5400000)
 PSPermGen       total 32768K, used 32526K [0x00000000c0000000, 0x00000000c2000000, 0x00000000d0000000)
  object space 32768K, 99% used [0x00000000c0000000,0x00000000c1fc3a28,0x00000000c2000000)
}
Event: 40.109 GC heap before
{Heap before GC invocations=34 (full 0):
 PSYoungGen      total 245760K, used 239792K [0x00000000f0000000, 0x0000000100000000, 0x0000000100000000)
  eden space 236032K, 100% used [0x00000000f0000000,0x00000000fe680000,0x00000000fe680000)
  from space 9728K, 38% used [0x00000000fe680000,0x00000000fea2c228,0x00000000ff000000)
  to   space 9216K, 0% used [0x00000000ff700000,0x00000000ff700000,0x0000000100000000)
 ParOldGen       total 86016K, used 39328K [0x00000000d0000000, 0x00000000d5400000, 0x00000000f0000000)
  object space 86016K, 45% used [0x00000000d0000000,0x00000000d2668090,0x00000000d5400000)
 PSPermGen       total 34816K, used 34331K [0x00000000c0000000, 0x00000000c2200000, 0x00000000d0000000)
  object space 34816K, 98% used [0x00000000c0000000,0x00000000c2186c00,0x00000000c2200000)
Event: 40.115 GC heap after
Heap after GC invocations=34 (full 0):
 PSYoungGen      total 251904K, used 6912K [0x00000000f0000000, 0x0000000100000000, 0x0000000100000000)
  eden space 242688K, 0% used [0x00000000f0000000,0x00000000f0000000,0x00000000fed00000)
  from space 9216K, 75% used [0x00000000ff700000,0x00000000ffdc0378,0x0000000100000000)
  to   space 9728K, 0% used [0x00000000fed00000,0x00000000fed00000,0x00000000ff680000)
 ParOldGen       total 86016K, used 42061K [0x00000000d0000000, 0x00000000d5400000, 0x00000000f0000000)
  object space 86016K, 48% used [0x00000000d0000000,0x00000000d2913670,0x00000000d5400000)
 PSPermGen       total 34816K, used 34331K [0x00000000c0000000, 0x00000000c2200000, 0x00000000d0000000)
  object space 34816K, 98% used [0x00000000c0000000,0x00000000c2186c00,0x00000000c2200000)
}
Event: 41.400 GC heap before
{Heap before GC invocations=35 (full 0):
 PSYoungGen      total 251904K, used 249600K [0x00000000f0000000, 0x0000000100000000, 0x0000000100000000)
  eden space 242688K, 100% used [0x00000000f0000000,0x00000000fed00000,0x00000000fed00000)
  from space 9216K, 75% used [0x00000000ff700000,0x00000000ffdc0378,0x0000000100000000)
  to   space 9728K, 0% used [0x00000000fed00000,0x00000000fed00000,0x00000000ff680000)
 ParOldGen       total 86016K, used 42061K [0x00000000d0000000, 0x00000000d5400000, 0x00000000f0000000)
  object space 86016K, 48% used [0x00000000d0000000,0x00000000d2913670,0x00000000d5400000)
 PSPermGen       total 37376K, used 37304K [0x00000000c0000000, 0x00000000c2480000, 0x00000000d0000000)
  object space 37376K, 99% used [0x00000000c0000000,0x00000000c246e128,0x00000000c2480000)
Event: 41.409 GC heap after
Heap after GC invocations=35 (full 0):
 PSYoungGen      total 242176K, used 9387K [0x00000000f0000000, 0x00000000ff900000, 0x0000000100000000)
  eden space 232448K, 0% used [0x00000000f0000000,0x00000000f0000000,0x00000000fe300000)
  from space 9728K, 96% used [0x00000000fed00000,0x00000000ff62ae88,0x00000000ff680000)
  to   space 2560K, 0% used [0x00000000ff680000,0x00000000ff680000,0x00000000ff900000)
 ParOldGen       total 86016K, used 48045K [0x00000000d0000000, 0x00000000d5400000, 0x00000000f0000000)
  object space 86016K, 55% used [0x00000000d0000000,0x00000000d2eeb778,0x00000000d5400000)
 PSPermGen       total 37376K, used 37304K [0x00000000c0000000, 0x00000000c2480000, 0x00000000d0000000)
  object space 37376K, 99% used [0x00000000c0000000,0x00000000c246e128,0x00000000c2480000)
}

