# JRE version: Java(TM) SE Runtime Environment (7.0_67-b01) (build 1.7.0_67-b01)
# Java VM: Java HotSpot(TM) 64-Bit Server VM (24.65-b04 mixed mode windows-amd64 compressed oops)
Heap
 PSYoungGen      total 28160K, used 22022K [0x00000007d5f00000, 0x00000007d8d80000, 0x0000000800000000)
  eden space 26112K, 78% used [0x00000007d5f00000,0x00000007d72f2558,0x00000007d7880000)
  from space 2048K, 77% used [0x00000007d7900000,0x00000007d7a8f380,0x00000007d7b00000)
  to   space 10752K, 0% used [0x00000007d8300000,0x00000007d8300000,0x00000007d8d80000)
 ParOldGen       total 86016K, used 32366K [0x0000000781e00000, 0x0000000787200000, 0x00000007d5f00000)
  object space 86016K, 37% used [0x0000000781e00000,0x0000000783d9ba38,0x0000000787200000)
 PSPermGen       total 25600K, used 25379K [0x000000077cc00000, 0x000000077e500000, 0x0000000781e00000)
  object space 25600K, 99% used [0x000000077cc00000,0x000000077e4c8e10,0x000000077e500000)
GC Heap History (10 events):
Event: 44.257 GC heap before
{Heap before GC invocations=13 (full 0):
 PSYoungGen      total 40448K, used 30438K [0x00000007d5f00000, 0x00000007d9300000, 0x0000000800000000)
  eden space 28672K, 100% used [0x00000007d5f00000,0x00000007d7b00000,0x00000007d7b00000)
  from space 11776K, 15% used [0x00000007d8780000,0x00000007d8939be8,0x00000007d9300000)
  to   space 12288K, 0% used [0x00000007d7b00000,0x00000007d7b00000,0x00000007d8700000)
 ParOldGen       total 86016K, used 24340K [0x0000000781e00000, 0x0000000787200000, 0x00000007d5f00000)
  object space 86016K, 28% used [0x0000000781e00000,0x00000007835c51b8,0x0000000787200000)
 PSPermGen       total 23040K, used 22831K [0x000000077cc00000, 0x000000077e280000, 0x0000000781e00000)
  object space 23040K, 99% used [0x000000077cc00000,0x000000077e24bd40,0x000000077e280000)
Event: 44.260 GC heap after
Heap after GC invocations=13 (full 0):
 PSYoungGen      total 30208K, used 2041K [0x00000007d5f00000, 0x00000007d9280000, 0x0000000800000000)
  eden space 28160K, 0% used [0x00000007d5f00000,0x00000007d5f00000,0x00000007d7a80000)
  from space 2048K, 99% used [0x00000007d7b00000,0x00000007d7cfe7c0,0x00000007d7d00000)
  to   space 12288K, 0% used [0x00000007d8680000,0x00000007d8680000,0x00000007d9280000)
 ParOldGen       total 86016K, used 25676K [0x0000000781e00000, 0x0000000787200000, 0x00000007d5f00000)
  object space 86016K, 29% used [0x0000000781e00000,0x00000007837131b8,0x0000000787200000)
 PSPermGen       total 23040K, used 22831K [0x000000077cc00000, 0x000000077e280000, 0x0000000781e00000)
  object space 23040K, 99% used [0x000000077cc00000,0x000000077e24bd40,0x000000077e280000)
}
Event: 45.707 GC heap before
{Heap before GC invocations=14 (full 0):
 PSYoungGen      total 30208K, used 30201K [0x00000007d5f00000, 0x00000007d9280000, 0x0000000800000000)
  eden space 28160K, 100% used [0x00000007d5f00000,0x00000007d7a80000,0x00000007d7a80000)
  from space 2048K, 99% used [0x00000007d7b00000,0x00000007d7cfe7c0,0x00000007d7d00000)
  to   space 12288K, 0% used [0x00000007d8680000,0x00000007d8680000,0x00000007d9280000)
 ParOldGen       total 86016K, used 25676K [0x0000000781e00000, 0x0000000787200000, 0x00000007d5f00000)
  object space 86016K, 29% used [0x0000000781e00000,0x00000007837131b8,0x0000000787200000)
 PSPermGen       total 23552K, used 23457K [0x000000077cc00000, 0x000000077e300000, 0x0000000781e00000)
  object space 23552K, 99% used [0x000000077cc00000,0x000000077e2e85c8,0x000000077e300000)
Event: 45.711 GC heap after
Heap after GC invocations=14 (full 0):
 PSYoungGen      total 38400K, used 2489K [0x00000007d5f00000, 0x00000007d9100000, 0x0000000800000000)
  eden space 27648K, 0% used [0x00000007d5f00000,0x00000007d5f00000,0x00000007d7a00000)
  from space 10752K, 23% used [0x00000007d8680000,0x00000007d88ee4e8,0x00000007d9100000)
  to   space 11776K, 0% used [0x00000007d7a00000,0x00000007d7a00000,0x00000007d8580000)
 ParOldGen       total 86016K, used 27420K [0x0000000781e00000, 0x0000000787200000, 0x00000007d5f00000)
  object space 86016K, 31% used [0x0000000781e00000,0x00000007838c7208,0x0000000787200000)
 PSPermGen       total 23552K, used 23457K [0x000000077cc00000, 0x000000077e300000, 0x0000000781e00000)
  object space 23552K, 99% used [0x000000077cc00000,0x000000077e2e85c8,0x000000077e300000)
}
Event: 46.453 GC heap before
{Heap before GC invocations=15 (full 0):
 PSYoungGen      total 38400K, used 30137K [0x00000007d5f00000, 0x00000007d9100000, 0x0000000800000000)
  eden space 27648K, 100% used [0x00000007d5f00000,0x00000007d7a00000,0x00000007d7a00000)
  from space 10752K, 23% used [0x00000007d8680000,0x00000007d88ee4e8,0x00000007d9100000)
  to   space 11776K, 0% used [0x00000007d7a00000,0x00000007d7a00000,0x00000007d8580000)
 ParOldGen       total 86016K, used 27420K [0x0000000781e00000, 0x0000000787200000, 0x00000007d5f00000)
  object space 86016K, 31% used [0x0000000781e00000,0x00000007838c7208,0x0000000787200000)
 PSPermGen       total 24064K, used 24063K [0x000000077cc00000, 0x000000077e380000, 0x0000000781e00000)
  object space 24064K, 99% used [0x000000077cc00000,0x000000077e37fe88,0x000000077e380000)
Event: 46.456 GC heap after
Heap after GC invocations=15 (full 0):
 PSYoungGen      total 29184K, used 1759K [0x00000007d5f00000, 0x00000007d8f80000, 0x0000000800000000)
  eden space 27136K, 0% used [0x00000007d5f00000,0x00000007d5f00000,0x00000007d7980000)
  from space 2048K, 85% used [0x00000007d7a00000,0x00000007d7bb7ec0,0x00000007d7c00000)
  to   space 11264K, 0% used [0x00000007d8480000,0x00000007d8480000,0x00000007d8f80000)
 ParOldGen       total 86016K, used 29486K [0x0000000781e00000, 0x0000000787200000, 0x00000007d5f00000)
  object space 86016K, 34% used [0x0000000781e00000,0x0000000783acba18,0x0000000787200000)
 PSPermGen       total 24064K, used 24063K [0x000000077cc00000, 0x000000077e380000, 0x0000000781e00000)
  object space 24064K, 99% used [0x000000077cc00000,0x000000077e37fe88,0x000000077e380000)
}
Event: 47.914 GC heap before
{Heap before GC invocations=16 (full 0):
 PSYoungGen      total 29184K, used 28895K [0x00000007d5f00000, 0x00000007d8f80000, 0x0000000800000000)
  eden space 27136K, 100% used [0x00000007d5f00000,0x00000007d7980000,0x00000007d7980000)
  from space 2048K, 85% used [0x00000007d7a00000,0x00000007d7bb7ec0,0x00000007d7c00000)
  to   space 11264K, 0% used [0x00000007d8480000,0x00000007d8480000,0x00000007d8f80000)
 ParOldGen       total 86016K, used 29486K [0x0000000781e00000, 0x0000000787200000, 0x00000007d5f00000)
  object space 86016K, 34% used [0x0000000781e00000,0x0000000783acba18,0x0000000787200000)
 PSPermGen       total 24576K, used 24474K [0x000000077cc00000, 0x000000077e400000, 0x0000000781e00000)
  object space 24576K, 99% used [0x000000077cc00000,0x000000077e3e68e0,0x000000077e400000)
Event: 47.917 GC heap after
Heap after GC invocations=16 (full 0):
 PSYoungGen      total 37376K, used 2240K [0x00000007d5f00000, 0x00000007d8f00000, 0x0000000800000000)
  eden space 26624K, 0% used [0x00000007d5f00000,0x00000007d5f00000,0x00000007d7900000)
  from space 10752K, 20% used [0x00000007d8480000,0x00000007d86b01b0,0x00000007d8f00000)
  to   space 11264K, 0% used [0x00000007d7900000,0x00000007d7900000,0x00000007d8400000)
 ParOldGen       total 86016K, used 30702K [0x0000000781e00000, 0x0000000787200000, 0x00000007d5f00000)
  object space 86016K, 35% used [0x0000000781e00000,0x0000000783bfba38,0x0000000787200000)
 PSPermGen       total 24576K, used 24474K [0x000000077cc00000, 0x000000077e400000, 0x0000000781e00000)
  object space 24576K, 99% used [0x000000077cc00000,0x000000077e3e68e0,0x000000077e400000)
}
Event: 49.197 GC heap before
{Heap before GC invocations=17 (full 0):
 PSYoungGen      total 37376K, used 28864K [0x00000007d5f00000, 0x00000007d8f00000, 0x0000000800000000)
  eden space 26624K, 100% used [0x00000007d5f00000,0x00000007d7900000,0x00000007d7900000)
  from space 10752K, 20% used [0x00000007d8480000,0x00000007d86b01b0,0x00000007d8f00000)
  to   space 11264K, 0% used [0x00000007d7900000,0x00000007d7900000,0x00000007d8400000)
 ParOldGen       total 86016K, used 30702K [0x0000000781e00000, 0x0000000787200000, 0x00000007d5f00000)
  object space 86016K, 35% used [0x0000000781e00000,0x0000000783bfba38,0x0000000787200000)
 PSPermGen       total 25088K, used 24991K [0x000000077cc00000, 0x000000077e480000, 0x0000000781e00000)
  object space 25088K, 99% used [0x000000077cc00000,0x000000077e467ce8,0x000000077e480000)
Event: 49.201 GC heap after
Heap after GC invocations=17 (full 0):
 PSYoungGen      total 28160K, used 1596K [0x00000007d5f00000, 0x00000007d8d80000, 0x0000000800000000)
  eden space 26112K, 0% used [0x00000007d5f00000,0x00000007d5f00000,0x00000007d7880000)
  from space 2048K, 77% used [0x00000007d7900000,0x00000007d7a8f380,0x00000007d7b00000)
  to   space 10752K, 0% used [0x00000007d8300000,0x00000007d8300000,0x00000007d8d80000)
 ParOldGen       total 86016K, used 32366K [0x0000000781e00000, 0x0000000787200000, 0x00000007d5f00000)
  object space 86016K, 37% used [0x0000000781e00000,0x0000000783d9ba38,0x0000000787200000)
 PSPermGen       total 25088K, used 24991K [0x000000077cc00000, 0x000000077e480000, 0x0000000781e00000)
  object space 25088K, 99% used [0x000000077cc00000,0x000000077e467ce8,0x000000077e480000)
}

