# JRE version: Java(TM) SE Runtime Environment (7.0_67-b01) (build 1.7.0_67-b01)
# Java VM: Java HotSpot(TM) 64-Bit Server VM (24.65-b04 mixed mode windows-amd64 compressed oops)
Heap
 PSYoungGen      total 195072K, used 65004K [0x00000000f0000000, 0x0000000100000000, 0x0000000100000000)
  eden space 187904K, 32% used [0x00000000f0000000,0x00000000f3c742f8,0x00000000fb780000)
  from space 7168K, 43% used [0x00000000fb780000,0x00000000fba86d88,0x00000000fbe80000)
  to   space 6656K, 0% used [0x00000000ff980000,0x00000000ff980000,0x0000000100000000)
 ParOldGen       total 53760K, used 17232K [0x00000000d0000000, 0x00000000d3480000, 0x00000000f0000000)
  object space 53760K, 32% used [0x00000000d0000000,0x00000000d10d42d0,0x00000000d3480000)
 PSPermGen       total 29696K, used 22667K [0x00000000c0000000, 0x00000000c1d00000, 0x00000000d0000000)
  object space 29696K, 76% used [0x00000000c0000000,0x00000000c1622c78,0x00000000c1d00000)
GC Heap History (10 events):
Event: 6.041 GC heap before
{Heap before GC invocations=11 (full 1):
 PSYoungGen      total 88064K, used 86877K [0x00000000f0000000, 0x00000000f8980000, 0x0000000100000000)
  eden space 83456K, 98% used [0x00000000f0000000,0x00000000f505c4a8,0x00000000f5180000)
  from space 4608K, 99% used [0x00000000f5180000,0x00000000f55fafd0,0x00000000f5600000)
  to   space 6144K, 0% used [0x00000000f8380000,0x00000000f8380000,0x00000000f8980000)
 ParOldGen       total 44032K, used 37441K [0x00000000d0000000, 0x00000000d2b00000, 0x00000000f0000000)
  object space 44032K, 85% used [0x00000000d0000000,0x00000000d2490770,0x00000000d2b00000)
 PSPermGen       total 21504K, used 16710K [0x00000000c0000000, 0x00000000c1500000, 0x00000000d0000000)
  object space 21504K, 77% used [0x00000000c0000000,0x00000000c10519e8,0x00000000c1500000)
Event: 6.047 GC heap after
Heap after GC invocations=11 (full 1):
 PSYoungGen      total 133120K, used 6128K [0x00000000f0000000, 0x00000000f8a00000, 0x0000000100000000)
  eden space 126976K, 0% used [0x00000000f0000000,0x00000000f0000000,0x00000000f7c00000)
  from space 6144K, 99% used [0x00000000f8380000,0x00000000f897c010,0x00000000f8980000)
  to   space 7168K, 0% used [0x00000000f7c00000,0x00000000f7c00000,0x00000000f8300000)
 ParOldGen       total 44032K, used 38910K [0x00000000d0000000, 0x00000000d2b00000, 0x00000000f0000000)
  object space 44032K, 88% used [0x00000000d0000000,0x00000000d25ff810,0x00000000d2b00000)
 PSPermGen       total 21504K, used 16710K [0x00000000c0000000, 0x00000000c1500000, 0x00000000d0000000)
  object space 21504K, 77% used [0x00000000c0000000,0x00000000c10519e8,0x00000000c1500000)
}
Event: 7.304 GC heap before
{Heap before GC invocations=12 (full 1):
 PSYoungGen      total 133120K, used 124113K [0x00000000f0000000, 0x00000000f8a00000, 0x0000000100000000)
  eden space 126976K, 92% used [0x00000000f0000000,0x00000000f7338750,0x00000000f7c00000)
  from space 6144K, 99% used [0x00000000f8380000,0x00000000f897c010,0x00000000f8980000)
  to   space 7168K, 0% used [0x00000000f7c00000,0x00000000f7c00000,0x00000000f8300000)
 ParOldGen       total 44032K, used 38910K [0x00000000d0000000, 0x00000000d2b00000, 0x00000000f0000000)
  object space 44032K, 88% used [0x00000000d0000000,0x00000000d25ff810,0x00000000d2b00000)
 PSPermGen       total 21504K, used 17922K [0x00000000c0000000, 0x00000000c1500000, 0x00000000d0000000)
  object space 21504K, 83% used [0x00000000c0000000,0x00000000c1180b20,0x00000000c1500000)
Event: 7.311 GC heap after
Heap after GC invocations=12 (full 1):
 PSYoungGen      total 134144K, used 2465K [0x00000000f0000000, 0x00000000fc800000, 0x0000000100000000)
  eden space 126976K, 0% used [0x00000000f0000000,0x00000000f0000000,0x00000000f7c00000)
  from space 7168K, 34% used [0x00000000f7c00000,0x00000000f7e68630,0x00000000f8300000)
  to   space 7168K, 0% used [0x00000000fc100000,0x00000000fc100000,0x00000000fc800000)
 ParOldGen       total 45056K, used 45045K [0x00000000d0000000, 0x00000000d2c00000, 0x00000000f0000000)
  object space 45056K, 99% used [0x00000000d0000000,0x00000000d2bfd7d0,0x00000000d2c00000)
 PSPermGen       total 21504K, used 17922K [0x00000000c0000000, 0x00000000c1500000, 0x00000000d0000000)
  object space 21504K, 83% used [0x00000000c0000000,0x00000000c1180b20,0x00000000c1500000)
}
Event: 7.311 GC heap before
{Heap before GC invocations=13 (full 2):
 PSYoungGen      total 134144K, used 2465K [0x00000000f0000000, 0x00000000fc800000, 0x0000000100000000)
  eden space 126976K, 0% used [0x00000000f0000000,0x00000000f0000000,0x00000000f7c00000)
  from space 7168K, 34% used [0x00000000f7c00000,0x00000000f7e68630,0x00000000f8300000)
  to   space 7168K, 0% used [0x00000000fc100000,0x00000000fc100000,0x00000000fc800000)
 ParOldGen       total 45056K, used 45045K [0x00000000d0000000, 0x00000000d2c00000, 0x00000000f0000000)
  object space 45056K, 99% used [0x00000000d0000000,0x00000000d2bfd7d0,0x00000000d2c00000)
 PSPermGen       total 21504K, used 17922K [0x00000000c0000000, 0x00000000c1500000, 0x00000000d0000000)
  object space 21504K, 83% used [0x00000000c0000000,0x00000000c1180b20,0x00000000c1500000)
Event: 7.373 GC heap after
Heap after GC invocations=13 (full 2):
 PSYoungGen      total 134144K, used 0K [0x00000000f0000000, 0x00000000fc800000, 0x0000000100000000)
  eden space 126976K, 0% used [0x00000000f0000000,0x00000000f0000000,0x00000000f7c00000)
  from space 7168K, 0% used [0x00000000f7c00000,0x00000000f7c00000,0x00000000f8300000)
  to   space 7168K, 0% used [0x00000000fc100000,0x00000000fc100000,0x00000000fc800000)
 ParOldGen       total 53760K, used 16120K [0x00000000d0000000, 0x00000000d3480000, 0x00000000f0000000)
  object space 53760K, 29% used [0x00000000d0000000,0x00000000d0fbe2d0,0x00000000d3480000)
 PSPermGen       total 29696K, used 17920K [0x00000000c0000000, 0x00000000c1d00000, 0x00000000d0000000)
  object space 29696K, 60% used [0x00000000c0000000,0x00000000c1180260,0x00000000c1d00000)
}
Event: 7.814 GC heap before
{Heap before GC invocations=14 (full 2):
 PSYoungGen      total 134144K, used 118626K [0x00000000f0000000, 0x00000000fc800000, 0x0000000100000000)
  eden space 126976K, 93% used [0x00000000f0000000,0x00000000f73d8a68,0x00000000f7c00000)
  from space 7168K, 0% used [0x00000000f7c00000,0x00000000f7c00000,0x00000000f8300000)
  to   space 7168K, 0% used [0x00000000fc100000,0x00000000fc100000,0x00000000fc800000)
 ParOldGen       total 53760K, used 16120K [0x00000000d0000000, 0x00000000d3480000, 0x00000000f0000000)
  object space 53760K, 29% used [0x00000000d0000000,0x00000000d0fbe2d0,0x00000000d3480000)
 PSPermGen       total 29696K, used 19847K [0x00000000c0000000, 0x00000000c1d00000, 0x00000000d0000000)
  object space 29696K, 66% used [0x00000000c0000000,0x00000000c1361f08,0x00000000c1d00000)
Event: 7.815 GC heap after
Heap after GC invocations=14 (full 2):
 PSYoungGen      total 192512K, used 1926K [0x00000000f0000000, 0x00000000fc580000, 0x0000000100000000)
  eden space 187904K, 0% used [0x00000000f0000000,0x00000000f0000000,0x00000000fb780000)
  from space 4608K, 41% used [0x00000000fc100000,0x00000000fc2e19b0,0x00000000fc580000)
  to   space 7168K, 0% used [0x00000000fb780000,0x00000000fb780000,0x00000000fbe80000)
 ParOldGen       total 53760K, used 16128K [0x00000000d0000000, 0x00000000d3480000, 0x00000000f0000000)
  object space 53760K, 30% used [0x00000000d0000000,0x00000000d0fc02d0,0x00000000d3480000)
 PSPermGen       total 29696K, used 19847K [0x00000000c0000000, 0x00000000c1d00000, 0x00000000d0000000)
  object space 29696K, 66% used [0x00000000c0000000,0x00000000c1361f08,0x00000000c1d00000)
}
Event: 8.289 GC heap before
{Heap before GC invocations=15 (full 2):
 PSYoungGen      total 192512K, used 189830K [0x00000000f0000000, 0x00000000fc580000, 0x0000000100000000)
  eden space 187904K, 100% used [0x00000000f0000000,0x00000000fb780000,0x00000000fb780000)
  from space 4608K, 41% used [0x00000000fc100000,0x00000000fc2e19b0,0x00000000fc580000)
  to   space 7168K, 0% used [0x00000000fb780000,0x00000000fb780000,0x00000000fbe80000)
 ParOldGen       total 53760K, used 16128K [0x00000000d0000000, 0x00000000d3480000, 0x00000000f0000000)
  object space 53760K, 30% used [0x00000000d0000000,0x00000000d0fc02d0,0x00000000d3480000)
 PSPermGen       total 29696K, used 21961K [0x00000000c0000000, 0x00000000c1d00000, 0x00000000d0000000)
  object space 29696K, 73% used [0x00000000c0000000,0x00000000c1572428,0x00000000c1d00000)
Event: 8.315 GC heap after
Heap after GC invocations=15 (full 2):
 PSYoungGen      total 195072K, used 3099K [0x00000000f0000000, 0x0000000100000000, 0x0000000100000000)
  eden space 187904K, 0% used [0x00000000f0000000,0x00000000f0000000,0x00000000fb780000)
  from space 7168K, 43% used [0x00000000fb780000,0x00000000fba86d88,0x00000000fbe80000)
  to   space 6656K, 0% used [0x00000000ff980000,0x00000000ff980000,0x0000000100000000)
 ParOldGen       total 53760K, used 17232K [0x00000000d0000000, 0x00000000d3480000, 0x00000000f0000000)
  object space 53760K, 32% used [0x00000000d0000000,0x00000000d10d42d0,0x00000000d3480000)
 PSPermGen       total 29696K, used 21961K [0x00000000c0000000, 0x00000000c1d00000, 0x00000000d0000000)
  object space 29696K, 73% used [0x00000000c0000000,0x00000000c1572428,0x00000000c1d00000)
}

