# JRE version: Java(TM) SE Runtime Environment (7.0_67-b01) (build 1.7.0_67-b01)
# Java VM: Java HotSpot(TM) 64-Bit Server VM (24.65-b04 mixed mode windows-amd64 compressed oops)
Heap
 PSYoungGen      total 166912K, used 158924K [0x00000000f0000000, 0x00000000fec00000, 0x0000000100000000)
  eden space 160768K, 97% used [0x00000000f0000000,0x00000000f9893050,0x00000000f9d00000)
  from space 6144K, 43% used [0x00000000f9d00000,0x00000000f9fa0330,0x00000000fa300000)
  to   space 6144K, 39% used [0x00000000fe600000,0x00000000fe8640e0,0x00000000fec00000)
 ParOldGen       total 55296K, used 18031K [0x00000000d0000000, 0x00000000d3600000, 0x00000000f0000000)
  object space 55296K, 32% used [0x00000000d0000000,0x00000000d119be10,0x00000000d3600000)
 PSPermGen       total 28160K, used 22906K [0x00000000c0000000, 0x00000000c1b80000, 0x00000000d0000000)
  object space 28160K, 81% used [0x00000000c0000000,0x00000000c165eb28,0x00000000c1b80000)
GC Heap History (10 events):
Event: 4.725 GC heap after
Heap after GC invocations=11 (full 1):
 PSYoungGen      total 115200K, used 4608K [0x00000000f0000000, 0x00000000f7980000, 0x0000000100000000)
  eden space 110592K, 0% used [0x00000000f0000000,0x00000000f0000000,0x00000000f6c00000)
  from space 4608K, 100% used [0x00000000f7280000,0x00000000f7700000,0x00000000f7700000)
  to   space 6656K, 0% used [0x00000000f6c00000,0x00000000f6c00000,0x00000000f7280000)
 ParOldGen       total 44032K, used 39777K [0x00000000d0000000, 0x00000000d2b00000, 0x00000000f0000000)
  object space 44032K, 90% used [0x00000000d0000000,0x00000000d26d8508,0x00000000d2b00000)
 PSPermGen       total 21504K, used 16398K [0x00000000c0000000, 0x00000000c1500000, 0x00000000d0000000)
  object space 21504K, 76% used [0x00000000c0000000,0x00000000c1003af0,0x00000000c1500000)
}
Event: 5.220 GC heap before
{Heap before GC invocations=12 (full 1):
 PSYoungGen      total 115200K, used 115200K [0x00000000f0000000, 0x00000000f7980000, 0x0000000100000000)
  eden space 110592K, 100% used [0x00000000f0000000,0x00000000f6c00000,0x00000000f6c00000)
  from space 4608K, 100% used [0x00000000f7280000,0x00000000f7700000,0x00000000f7700000)
  to   space 6656K, 0% used [0x00000000f6c00000,0x00000000f6c00000,0x00000000f7280000)
 ParOldGen       total 44032K, used 39777K [0x00000000d0000000, 0x00000000d2b00000, 0x00000000f0000000)
  object space 44032K, 90% used [0x00000000d0000000,0x00000000d26d8508,0x00000000d2b00000)
 PSPermGen       total 21504K, used 17271K [0x00000000c0000000, 0x00000000c1500000, 0x00000000d0000000)
  object space 21504K, 80% used [0x00000000c0000000,0x00000000c10ddd58,0x00000000c1500000)
Event: 5.225 GC heap after
Heap after GC invocations=12 (full 1):
 PSYoungGen      total 117248K, used 1384K [0x00000000f0000000, 0x00000000faa80000, 0x0000000100000000)
  eden space 110592K, 0% used [0x00000000f0000000,0x00000000f0000000,0x00000000f6c00000)
  from space 6656K, 20% used [0x00000000f6c00000,0x00000000f6d5a3b8,0x00000000f7280000)
  to   space 6656K, 0% used [0x00000000fa400000,0x00000000fa400000,0x00000000faa80000)
 ParOldGen       total 45056K, used 44418K [0x00000000d0000000, 0x00000000d2c00000, 0x00000000f0000000)
  object space 45056K, 98% used [0x00000000d0000000,0x00000000d2b608c0,0x00000000d2c00000)
 PSPermGen       total 21504K, used 17271K [0x00000000c0000000, 0x00000000c1500000, 0x00000000d0000000)
  object space 21504K, 80% used [0x00000000c0000000,0x00000000c10ddd58,0x00000000c1500000)
}
Event: 5.225 GC heap before
{Heap before GC invocations=13 (full 2):
 PSYoungGen      total 117248K, used 1384K [0x00000000f0000000, 0x00000000faa80000, 0x0000000100000000)
  eden space 110592K, 0% used [0x00000000f0000000,0x00000000f0000000,0x00000000f6c00000)
  from space 6656K, 20% used [0x00000000f6c00000,0x00000000f6d5a3b8,0x00000000f7280000)
  to   space 6656K, 0% used [0x00000000fa400000,0x00000000fa400000,0x00000000faa80000)
 ParOldGen       total 45056K, used 44418K [0x00000000d0000000, 0x00000000d2c00000, 0x00000000f0000000)
  object space 45056K, 98% used [0x00000000d0000000,0x00000000d2b608c0,0x00000000d2c00000)
 PSPermGen       total 21504K, used 17271K [0x00000000c0000000, 0x00000000c1500000, 0x00000000d0000000)
  object space 21504K, 80% used [0x00000000c0000000,0x00000000c10ddd58,0x00000000c1500000)
Event: 5.277 GC heap after
Heap after GC invocations=13 (full 2):
 PSYoungGen      total 117248K, used 0K [0x00000000f0000000, 0x00000000faa80000, 0x0000000100000000)
  eden space 110592K, 0% used [0x00000000f0000000,0x00000000f0000000,0x00000000f6c00000)
  from space 6656K, 0% used [0x00000000f6c00000,0x00000000f6c00000,0x00000000f7280000)
  to   space 6656K, 0% used [0x00000000fa400000,0x00000000fa400000,0x00000000faa80000)
 ParOldGen       total 55296K, used 14804K [0x00000000d0000000, 0x00000000d3600000, 0x00000000f0000000)
  object space 55296K, 26% used [0x00000000d0000000,0x00000000d0e75248,0x00000000d3600000)
 PSPermGen       total 28160K, used 17269K [0x00000000c0000000, 0x00000000c1b80000, 0x00000000d0000000)
  object space 28160K, 61% used [0x00000000c0000000,0x00000000c10dd590,0x00000000c1b80000)
}
Event: 5.972 GC heap before
{Heap before GC invocations=14 (full 2):
 PSYoungGen      total 117248K, used 109389K [0x00000000f0000000, 0x00000000faa80000, 0x0000000100000000)
  eden space 110592K, 98% used [0x00000000f0000000,0x00000000f6ad36a0,0x00000000f6c00000)
  from space 6656K, 0% used [0x00000000f6c00000,0x00000000f6c00000,0x00000000f7280000)
  to   space 6656K, 0% used [0x00000000fa400000,0x00000000fa400000,0x00000000faa80000)
 ParOldGen       total 55296K, used 14804K [0x00000000d0000000, 0x00000000d3600000, 0x00000000f0000000)
  object space 55296K, 26% used [0x00000000d0000000,0x00000000d0e75248,0x00000000d3600000)
 PSPermGen       total 28160K, used 19437K [0x00000000c0000000, 0x00000000c1b80000, 0x00000000d0000000)
  object space 28160K, 69% used [0x00000000c0000000,0x00000000c12fb7e0,0x00000000c1b80000)
Event: 5.978 GC heap after
Heap after GC invocations=14 (full 2):
 PSYoungGen      total 165888K, used 2706K [0x00000000f0000000, 0x00000000fa900000, 0x0000000100000000)
  eden space 160768K, 0% used [0x00000000f0000000,0x00000000f0000000,0x00000000f9d00000)
  from space 5120K, 52% used [0x00000000fa400000,0x00000000fa6a4b50,0x00000000fa900000)
  to   space 6144K, 0% used [0x00000000f9d00000,0x00000000f9d00000,0x00000000fa300000)
 ParOldGen       total 55296K, used 14804K [0x00000000d0000000, 0x00000000d3600000, 0x00000000f0000000)
  object space 55296K, 26% used [0x00000000d0000000,0x00000000d0e75248,0x00000000d3600000)
 PSPermGen       total 28160K, used 19437K [0x00000000c0000000, 0x00000000c1b80000, 0x00000000d0000000)
  object space 28160K, 69% used [0x00000000c0000000,0x00000000c12fb7e0,0x00000000c1b80000)
}
Event: 6.528 GC heap before
{Heap before GC invocations=15 (full 2):
 PSYoungGen      total 165888K, used 154529K [0x00000000f0000000, 0x00000000fa900000, 0x0000000100000000)
  eden space 160768K, 94% used [0x00000000f0000000,0x00000000f9443c80,0x00000000f9d00000)
  from space 5120K, 52% used [0x00000000fa400000,0x00000000fa6a4b50,0x00000000fa900000)
  to   space 6144K, 0% used [0x00000000f9d00000,0x00000000f9d00000,0x00000000fa300000)
 ParOldGen       total 55296K, used 14804K [0x00000000d0000000, 0x00000000d3600000, 0x00000000f0000000)
  object space 55296K, 26% used [0x00000000d0000000,0x00000000d0e75248,0x00000000d3600000)
 PSPermGen       total 28160K, used 20900K [0x00000000c0000000, 0x00000000c1b80000, 0x00000000d0000000)
  object space 28160K, 74% used [0x00000000c0000000,0x00000000c14693f0,0x00000000c1b80000)
Event: 6.531 GC heap after
Heap after GC invocations=15 (full 2):
 PSYoungGen      total 166912K, used 2688K [0x00000000f0000000, 0x00000000fec00000, 0x0000000100000000)
  eden space 160768K, 0% used [0x00000000f0000000,0x00000000f0000000,0x00000000f9d00000)
  from space 6144K, 43% used [0x00000000f9d00000,0x00000000f9fa0330,0x00000000fa300000)
  to   space 6144K, 0% used [0x00000000fe600000,0x00000000fe600000,0x00000000fec00000)
 ParOldGen       total 55296K, used 16501K [0x00000000d0000000, 0x00000000d3600000, 0x00000000f0000000)
  object space 55296K, 29% used [0x00000000d0000000,0x00000000d101d6d0,0x00000000d3600000)
 PSPermGen       total 28160K, used 20900K [0x00000000c0000000, 0x00000000c1b80000, 0x00000000d0000000)
  object space 28160K, 74% used [0x00000000c0000000,0x00000000c14693f0,0x00000000c1b80000)
}
Event: 6.932 GC heap before
{Heap before GC invocations=16 (full 2):
 PSYoungGen      total 166912K, used 158924K [0x00000000f0000000, 0x00000000fec00000, 0x0000000100000000)
  eden space 160768K, 97% used [0x00000000f0000000,0x00000000f9893050,0x00000000f9d00000)
  from space 6144K, 43% used [0x00000000f9d00000,0x00000000f9fa0330,0x00000000fa300000)
  to   space 6144K, 0% used [0x00000000fe600000,0x00000000fe600000,0x00000000fec00000)
 ParOldGen       total 55296K, used 16501K [0x00000000d0000000, 0x00000000d3600000, 0x00000000f0000000)
  object space 55296K, 29% used [0x00000000d0000000,0x00000000d101d6d0,0x00000000d3600000)
 PSPermGen       total 28160K, used 22906K [0x00000000c0000000, 0x00000000c1b80000, 0x00000000d0000000)
  object space 28160K, 81% used [0x00000000c0000000,0x00000000c165eb28,0x00000000c1b80000)

